0 info it worked if it ends with ok
1 verbose cli [ '/Users/benjy/.nvm/versions/node/v6.11.3/bin/node',
1 verbose cli   '/Users/benjy/.nvm/versions/node/v6.11.3/bin/npm',
1 verbose cli   'run',
1 verbose cli   'oldStart' ]
2 info using npm@3.10.10
3 info using node@v6.11.3
4 verbose run-script [ 'preoldStart', 'oldStart', 'postoldStart' ]
5 info lifecycle harmony@1.0.0~preoldStart: harmony@1.0.0
6 silly lifecycle harmony@1.0.0~preoldStart: no script for preoldStart, continuing
7 info lifecycle harmony@1.0.0~oldStart: harmony@1.0.0
8 verbose lifecycle harmony@1.0.0~oldStart: unsafe-perm in lifecycle true
9 verbose lifecycle harmony@1.0.0~oldStart: PATH: /Users/benjy/.nvm/versions/node/v6.11.3/lib/node_modules/npm/bin/node-gyp-bin:/Users/benjy/Documents/Cours/ECV/discord_like/harmony/node_modules/.bin:/Users/benjy/.nvm/versions/node/v6.11.3/bin:/usr/local/bin:/usr/bin:/bin:/usr/sbin:/sbin:/opt/local/bin:/opt/X11/bin
10 verbose lifecycle harmony@1.0.0~oldStart: CWD: /Users/benjy/Documents/Cours/ECV/discord_like/harmony
11 silly lifecycle harmony@1.0.0~oldStart: Args: [ '-c', 'npm run build && node assets/js/server.js' ]
12 silly lifecycle harmony@1.0.0~oldStart: Returned: code: 1  signal: null
13 info lifecycle harmony@1.0.0~oldStart: Failed to exec oldStart script
14 verbose stack Error: harmony@1.0.0 oldStart: `npm run build && node assets/js/server.js`
14 verbose stack Exit status 1
14 verbose stack     at EventEmitter.<anonymous> (/Users/benjy/.nvm/versions/node/v6.11.3/lib/node_modules/npm/lib/utils/lifecycle.js:255:16)
14 verbose stack     at emitTwo (events.js:106:13)
14 verbose stack     at EventEmitter.emit (events.js:191:7)
14 verbose stack     at ChildProcess.<anonymous> (/Users/benjy/.nvm/versions/node/v6.11.3/lib/node_modules/npm/lib/utils/spawn.js:40:14)
14 verbose stack     at emitTwo (events.js:106:13)
14 verbose stack     at ChildProcess.emit (events.js:191:7)
14 verbose stack     at maybeClose (internal/child_process.js:920:16)
14 verbose stack     at Process.ChildProcess._handle.onexit (internal/child_process.js:230:5)
15 verbose pkgid harmony@1.0.0
16 verbose cwd /Users/benjy/Documents/Cours/ECV/discord_like/harmony
17 error Darwin 16.7.0
18 error argv "/Users/benjy/.nvm/versions/node/v6.11.3/bin/node" "/Users/benjy/.nvm/versions/node/v6.11.3/bin/npm" "run" "oldStart"
19 error node v6.11.3
20 error npm  v3.10.10
21 error code ELIFECYCLE
22 error harmony@1.0.0 oldStart: `npm run build && node assets/js/server.js`
22 error Exit status 1
23 error Failed at the harmony@1.0.0 oldStart script 'npm run build && node assets/js/server.js'.
23 error Make sure you have the latest version of node.js and npm installed.
23 error If you do, this is most likely a problem with the harmony package,
23 error not with npm itself.
23 error Tell the author that this fails on your system:
23 error     npm run build && node assets/js/server.js
23 error You can get information on how to open an issue for this project with:
23 error     npm bugs harmony
23 error Or if that isn't available, you can get their info via:
23 error     npm owner ls harmony
23 error There is likely additional logging output above.
24 verbose exit [ 1, true ]
